# JRE version: OpenJDK Runtime Environment Microsoft-7208460 (11.0.18+10) (build 11.0.18+10-LTS)
# Java VM: OpenJDK 64-Bit Server VM Microsoft-7208460 (11.0.18+10-LTS, mixed mode, tiered, compressed oops, g1 gc, windows-amd64)
Heap:
 garbage-first heap   total 120832K, used 75107K [0x0000000080000000, 0x0000000100000000)
  region size 1024K, 30 young (30720K), 5 survivors (5120K)
 Metaspace       used 69239K, capacity 71309K, committed 71560K, reserved 579584K
  class space    used 8982K, capacity 9839K, committed 9856K, reserved 516096K
GC Heap History (20 events):
Event: 14.530 GC heap before
{Heap before GC invocations=6 (full 0):
 garbage-first heap   total 120832K, used 54393K [0x0000000080000000, 0x0000000100000000)
  region size 1024K, 37 young (37888K), 4 survivors (4096K)
 Metaspace       used 35032K, capacity 35827K, committed 35920K, reserved 548864K
  class space    used 4476K, capacity 4815K, committed 4864K, reserved 516096K
}
Event: 14.539 GC heap after
{Heap after GC invocations=7 (full 0):
 garbage-first heap   total 120832K, used 23988K [0x0000000080000000, 0x0000000100000000)
  region size 1024K, 6 young (6144K), 6 survivors (6144K)
 Metaspace       used 35032K, capacity 35827K, committed 35920K, reserved 548864K
  class space    used 4476K, capacity 4815K, committed 4864K, reserved 516096K
}
Event: 17.779 GC heap before
{Heap before GC invocations=8 (full 0):
 garbage-first heap   total 120832K, used 75188K [0x0000000080000000, 0x0000000100000000)
  region size 1024K, 54 young (55296K), 6 survivors (6144K)
 Metaspace       used 40690K, capacity 41721K, committed 41936K, reserved 552960K
  class space    used 5097K, capacity 5497K, committed 5504K, reserved 516096K
}
Event: 17.787 GC heap after
{Heap after GC invocations=9 (full 0):
 garbage-first heap   total 120832K, used 28251K [0x0000000080000000, 0x0000000100000000)
  region size 1024K, 7 young (7168K), 7 survivors (7168K)
 Metaspace       used 40690K, capacity 41721K, committed 41936K, reserved 552960K
  class space    used 5097K, capacity 5497K, committed 5504K, reserved 516096K
}
Event: 31.694 GC heap before
{Heap before GC invocations=9 (full 0):
 garbage-first heap   total 120832K, used 77403K [0x0000000080000000, 0x0000000100000000)
  region size 1024K, 55 young (56320K), 7 survivors (7168K)
 Metaspace       used 42951K, capacity 44181K, committed 44496K, reserved 555008K
  class space    used 5436K, capacity 5922K, committed 6016K, reserved 516096K
}
Event: 31.703 GC heap after
{Heap after GC invocations=10 (full 0):
 garbage-first heap   total 120832K, used 30868K [0x0000000080000000, 0x0000000100000000)
  region size 1024K, 4 young (4096K), 4 survivors (4096K)
 Metaspace       used 42951K, capacity 44181K, committed 44496K, reserved 555008K
  class space    used 5436K, capacity 5922K, committed 6016K, reserved 516096K
}
Event: 42.690 GC heap before
{Heap before GC invocations=10 (full 0):
 garbage-first heap   total 120832K, used 81044K [0x0000000080000000, 0x0000000100000000)
  region size 1024K, 53 young (54272K), 4 survivors (4096K)
 Metaspace       used 47140K, capacity 48438K, committed 48592K, reserved 559104K
  class space    used 5986K, capacity 6506K, committed 6528K, reserved 516096K
}
Event: 42.695 GC heap after
{Heap after GC invocations=11 (full 0):
 garbage-first heap   total 120832K, used 32386K [0x0000000080000000, 0x0000000100000000)
  region size 1024K, 5 young (5120K), 5 survivors (5120K)
 Metaspace       used 47140K, capacity 48438K, committed 48592K, reserved 559104K
  class space    used 5986K, capacity 6506K, committed 6528K, reserved 516096K
}
Event: 52.386 GC heap before
{Heap before GC invocations=11 (full 0):
 garbage-first heap   total 120832K, used 84610K [0x0000000080000000, 0x0000000100000000)
  region size 1024K, 56 young (57344K), 5 survivors (5120K)
 Metaspace       used 51153K, capacity 52567K, committed 52816K, reserved 563200K
  class space    used 6548K, capacity 7093K, committed 7168K, reserved 516096K
}
Event: 52.394 GC heap after
{Heap after GC invocations=12 (full 0):
 garbage-first heap   total 120832K, used 33421K [0x0000000080000000, 0x0000000100000000)
  region size 1024K, 4 young (4096K), 4 survivors (4096K)
 Metaspace       used 51153K, capacity 52567K, committed 52816K, reserved 563200K
  class space    used 6548K, capacity 7093K, committed 7168K, reserved 516096K
}
Event: 57.209 GC heap before
{Heap before GC invocations=12 (full 0):
 garbage-first heap   total 120832K, used 92813K [0x0000000080000000, 0x0000000100000000)
  region size 1024K, 56 young (57344K), 4 survivors (4096K)
 Metaspace       used 56157K, capacity 57837K, committed 57936K, reserved 567296K
  class space    used 7229K, capacity 7910K, committed 7936K, reserved 516096K
}
Event: 57.221 GC heap after
{Heap after GC invocations=13 (full 0):
 garbage-first heap   total 120832K, used 43196K [0x0000000080000000, 0x0000000100000000)
  region size 1024K, 7 young (7168K), 7 survivors (7168K)
 Metaspace       used 56157K, capacity 57837K, committed 57936K, reserved 567296K
  class space    used 7229K, capacity 7910K, committed 7936K, reserved 516096K
}
Event: 57.731 GC heap before
{Heap before GC invocations=13 (full 0):
 garbage-first heap   total 120832K, used 73916K [0x0000000080000000, 0x0000000100000000)
  region size 1024K, 38 young (38912K), 7 survivors (7168K)
 Metaspace       used 58471K, capacity 60188K, committed 60296K, reserved 569344K
  class space    used 7569K, capacity 8293K, committed 8320K, reserved 516096K
}
Event: 57.819 GC heap after
{Heap after GC invocations=14 (full 0):
 garbage-first heap   total 120832K, used 44520K [0x0000000080000000, 0x0000000100000000)
  region size 1024K, 2 young (2048K), 2 survivors (2048K)
 Metaspace       used 58471K, capacity 60188K, committed 60296K, reserved 569344K
  class space    used 7569K, capacity 8293K, committed 8320K, reserved 516096K
}
Event: 58.442 GC heap before
{Heap before GC invocations=15 (full 0):
 garbage-first heap   total 120832K, used 92648K [0x0000000080000000, 0x0000000100000000)
  region size 1024K, 49 young (50176K), 2 survivors (2048K)
 Metaspace       used 62406K, capacity 64264K, committed 64520K, reserved 573440K
  class space    used 8117K, capacity 8883K, committed 8960K, reserved 516096K
}
Event: 58.446 GC heap after
{Heap after GC invocations=16 (full 0):
 garbage-first heap   total 120832K, used 45704K [0x0000000080000000, 0x0000000100000000)
  region size 1024K, 3 young (3072K), 3 survivors (3072K)
 Metaspace       used 62406K, capacity 64264K, committed 64520K, reserved 573440K
  class space    used 8117K, capacity 8883K, committed 8960K, reserved 516096K
}
Event: 62.511 GC heap before
{Heap before GC invocations=17 (full 0):
 garbage-first heap   total 120832K, used 92808K [0x0000000080000000, 0x0000000100000000)
  region size 1024K, 50 young (51200K), 3 survivors (3072K)
 Metaspace       used 65516K, capacity 67315K, committed 67592K, reserved 575488K
  class space    used 8464K, capacity 9187K, committed 9216K, reserved 516096K
}
Event: 62.517 GC heap after
{Heap after GC invocations=18 (full 0):
 garbage-first heap   total 120832K, used 48045K [0x0000000080000000, 0x0000000100000000)
  region size 1024K, 6 young (6144K), 6 survivors (6144K)
 Metaspace       used 65516K, capacity 67315K, committed 67592K, reserved 575488K
  class space    used 8464K, capacity 9187K, committed 9216K, reserved 516096K
}
Event: 64.310 GC heap before
{Heap before GC invocations=18 (full 0):
 garbage-first heap   total 120832K, used 95149K [0x0000000080000000, 0x0000000100000000)
  region size 1024K, 52 young (53248K), 6 survivors (6144K)
 Metaspace       used 68317K, capacity 70395K, committed 70536K, reserved 577536K
  class space    used 8898K, capacity 9739K, committed 9856K, reserved 516096K
}
Event: 64.393 GC heap after
{Heap after GC invocations=19 (full 0):
 garbage-first heap   total 120832K, used 50531K [0x0000000080000000, 0x0000000100000000)
  region size 1024K, 5 young (5120K), 5 survivors (5120K)
 Metaspace       used 68317K, capacity 70395K, committed 70536K, reserved 577536K
  class space    used 8898K, capacity 9739K, committed 9856K, reserved 516096K
}

