# JRE version: OpenJDK Runtime Environment Microsoft-7208460 (11.0.18+10) (build 11.0.18+10-LTS)
# Java VM: OpenJDK 64-Bit Server VM Microsoft-7208460 (11.0.18+10-LTS, mixed mode, tiered, compressed oops, g1 gc, windows-amd64)
Heap:
 garbage-first heap   total 120832K, used 61190K [0x0000000080000000, 0x0000000100000000)
  region size 1024K, 7 young (7168K), 6 survivors (6144K)
 Metaspace       used 73224K, capacity 75502K, committed 75524K, reserved 581632K
  class space    used 9505K, capacity 10441K, committed 10444K, reserved 516096K
GC Heap History (20 events):
Event: 25.932 GC heap after
{Heap after GC invocations=10 (full 0):
 garbage-first heap   total 120832K, used 32954K [0x0000000080000000, 0x0000000100000000)
  region size 1024K, 7 young (7168K), 7 survivors (7168K)
 Metaspace       used 44378K, capacity 45718K, committed 45852K, reserved 557056K
  class space    used 5552K, capacity 6054K, committed 6092K, reserved 516096K
}
Event: 31.667 GC heap before
{Heap before GC invocations=10 (full 0):
 garbage-first heap   total 120832K, used 86202K [0x0000000080000000, 0x0000000100000000)
  region size 1024K, 59 young (60416K), 7 survivors (7168K)
 Metaspace       used 48555K, capacity 49869K, committed 50204K, reserved 561152K
  class space    used 6218K, capacity 6775K, committed 6860K, reserved 516096K
}
Event: 31.675 GC heap after
{Heap after GC invocations=11 (full 0):
 garbage-first heap   total 120832K, used 34202K [0x0000000080000000, 0x0000000100000000)
  region size 1024K, 5 young (5120K), 5 survivors (5120K)
 Metaspace       used 48555K, capacity 49869K, committed 50204K, reserved 561152K
  class space    used 6218K, capacity 6775K, committed 6860K, reserved 516096K
}
Event: 38.117 GC heap before
{Heap before GC invocations=11 (full 0):
 garbage-first heap   total 120832K, used 90522K [0x0000000080000000, 0x0000000100000000)
  region size 1024K, 58 young (59392K), 5 survivors (5120K)
 Metaspace       used 51969K, capacity 53533K, committed 53788K, reserved 563200K
  class space    used 6665K, capacity 7310K, committed 7372K, reserved 516096K
}
Event: 38.126 GC heap after
{Heap after GC invocations=12 (full 0):
 garbage-first heap   total 120832K, used 39072K [0x0000000080000000, 0x0000000100000000)
  region size 1024K, 5 young (5120K), 5 survivors (5120K)
 Metaspace       used 51969K, capacity 53533K, committed 53788K, reserved 563200K
  class space    used 6665K, capacity 7310K, committed 7372K, reserved 516096K
}
Event: 39.668 GC heap before
{Heap before GC invocations=12 (full 0):
 garbage-first heap   total 120832K, used 96416K [0x0000000080000000, 0x0000000100000000)
  region size 1024K, 57 young (58368K), 5 survivors (5120K)
 Metaspace       used 57728K, capacity 59431K, committed 59804K, reserved 569344K
  class space    used 7467K, capacity 8149K, committed 8268K, reserved 516096K
}
Event: 39.673 GC heap after
{Heap after GC invocations=13 (full 0):
 garbage-first heap   total 120832K, used 45752K [0x0000000080000000, 0x0000000100000000)
  region size 1024K, 7 young (7168K), 7 survivors (7168K)
 Metaspace       used 57728K, capacity 59431K, committed 59804K, reserved 569344K
  class space    used 7467K, capacity 8149K, committed 8268K, reserved 516096K
}
Event: 39.869 GC heap before
{Heap before GC invocations=13 (full 0):
 garbage-first heap   total 120832K, used 58040K [0x0000000080000000, 0x0000000100000000)
  region size 1024K, 20 young (20480K), 7 survivors (7168K)
 Metaspace       used 58479K, capacity 60210K, committed 60420K, reserved 569344K
  class space    used 7559K, capacity 8260K, committed 8396K, reserved 516096K
}
Event: 39.896 GC heap after
{Heap after GC invocations=14 (full 0):
 garbage-first heap   total 120832K, used 46784K [0x0000000080000000, 0x0000000100000000)
  region size 1024K, 2 young (2048K), 2 survivors (2048K)
 Metaspace       used 58479K, capacity 60210K, committed 60420K, reserved 569344K
  class space    used 7559K, capacity 8260K, committed 8396K, reserved 516096K
}
Event: 40.524 GC heap before
{Heap before GC invocations=15 (full 0):
 garbage-first heap   total 120832K, used 86720K [0x0000000080000000, 0x0000000100000000)
  region size 1024K, 41 young (41984K), 2 survivors (2048K)
 Metaspace       used 61731K, capacity 63486K, committed 63620K, reserved 571392K
  class space    used 8022K, capacity 8754K, committed 8780K, reserved 516096K
}
Event: 40.527 GC heap after
{Heap after GC invocations=16 (full 0):
 garbage-first heap   total 120832K, used 47462K [0x0000000080000000, 0x0000000100000000)
  region size 1024K, 3 young (3072K), 3 survivors (3072K)
 Metaspace       used 61731K, capacity 63486K, committed 63620K, reserved 571392K
  class space    used 8022K, capacity 8754K, committed 8780K, reserved 516096K
}
Event: 43.422 GC heap before
{Heap before GC invocations=16 (full 0):
 garbage-first heap   total 120832K, used 88422K [0x0000000080000000, 0x0000000100000000)
  region size 1024K, 43 young (44032K), 3 survivors (3072K)
 Metaspace       used 64513K, capacity 66281K, committed 66564K, reserved 575488K
  class space    used 8343K, capacity 9083K, committed 9164K, reserved 516096K
}
Event: 43.426 GC heap after
{Heap after GC invocations=17 (full 0):
 garbage-first heap   total 120832K, used 50292K [0x0000000080000000, 0x0000000100000000)
  region size 1024K, 5 young (5120K), 5 survivors (5120K)
 Metaspace       used 64513K, capacity 66281K, committed 66564K, reserved 575488K
  class space    used 8343K, capacity 9083K, committed 9164K, reserved 516096K
}
Event: 52.299 GC heap before
{Heap before GC invocations=17 (full 0):
 garbage-first heap   total 120832K, used 91252K [0x0000000080000000, 0x0000000100000000)
  region size 1024K, 45 young (46080K), 5 survivors (5120K)
 Metaspace       used 66813K, capacity 68785K, committed 68996K, reserved 577536K
  class space    used 8656K, capacity 9465K, committed 9548K, reserved 516096K
}
Event: 52.317 GC heap after
{Heap after GC invocations=18 (full 0):
 garbage-first heap   total 120832K, used 51380K [0x0000000080000000, 0x0000000100000000)
  region size 1024K, 5 young (5120K), 5 survivors (5120K)
 Metaspace       used 66813K, capacity 68785K, committed 68996K, reserved 577536K
  class space    used 8656K, capacity 9465K, committed 9548K, reserved 516096K
}
Event: 54.559 GC heap before
{Heap before GC invocations=18 (full 0):
 garbage-first heap   total 120832K, used 92340K [0x0000000080000000, 0x0000000100000000)
  region size 1024K, 45 young (46080K), 5 survivors (5120K)
 Metaspace       used 69191K, capacity 71300K, committed 71428K, reserved 579584K
  class space    used 8982K, capacity 9840K, committed 9932K, reserved 516096K
}
Event: 54.569 GC heap after
{Heap after GC invocations=19 (full 0):
 garbage-first heap   total 120832K, used 54025K [0x0000000080000000, 0x0000000100000000)
  region size 1024K, 5 young (5120K), 5 survivors (5120K)
 Metaspace       used 69191K, capacity 71300K, committed 71428K, reserved 579584K
  class space    used 8982K, capacity 9840K, committed 9932K, reserved 516096K
}
Event: 57.038 GC heap before
{Heap before GC invocations=19 (full 0):
 garbage-first heap   total 120832K, used 93961K [0x0000000080000000, 0x0000000100000000)
  region size 1024K, 45 young (46080K), 5 survivors (5120K)
 Metaspace       used 71814K, capacity 73954K, committed 74116K, reserved 581632K
  class space    used 9347K, capacity 10230K, committed 10316K, reserved 516096K
}
Event: 57.061 GC heap after
{Heap after GC invocations=20 (full 0):
 garbage-first heap   total 120832K, used 57339K [0x0000000080000000, 0x0000000100000000)
  region size 1024K, 6 young (6144K), 6 survivors (6144K)
 Metaspace       used 71814K, capacity 73954K, committed 74116K, reserved 581632K
  class space    used 9347K, capacity 10230K, committed 10316K, reserved 516096K
}
Event: 61.134 GC heap before
{Heap before GC invocations=20 (full 0):
 garbage-first heap   total 120832K, used 97275K [0x0000000080000000, 0x0000000100000000)
  region size 1024K, 45 young (46080K), 6 survivors (6144K)
 Metaspace       used 73224K, capacity 75502K, committed 75524K, reserved 581632K
  class space    used 9505K, capacity 10441K, committed 10444K, reserved 516096K
}

