# JRE version: OpenJDK Runtime Environment Microsoft-7208460 (11.0.18+10) (build 11.0.18+10-LTS)
# Java VM: OpenJDK 64-Bit Server VM Microsoft-7208460 (11.0.18+10-LTS, mixed mode, tiered, compressed oops, g1 gc, windows-amd64)
Heap:
 garbage-first heap   total 274432K, used 198112K [0x0000000080000000, 0x0000000100000000)
  region size 1024K, 27 young (27648K), 1 survivors (1024K)
 Metaspace       used 128910K, capacity 134874K, committed 135124K, reserved 634880K
  class space    used 16158K, capacity 18292K, committed 18380K, reserved 516096K
GC Heap History (20 events):
Event: 7656.320 GC heap before
{Heap before GC invocations=275 (full 0):
 garbage-first heap   total 274432K, used 219347K [0x0000000080000000, 0x0000000100000000)
  region size 1024K, 45 young (46080K), 6 survivors (6144K)
 Metaspace       used 126504K, capacity 132410K, committed 132692K, reserved 632832K
  class space    used 15854K, capacity 17929K, committed 17996K, reserved 516096K
}
Event: 7656.331 GC heap after
{Heap after GC invocations=276 (full 0):
 garbage-first heap   total 274432K, used 189375K [0x0000000080000000, 0x0000000100000000)
  region size 1024K, 6 young (6144K), 6 survivors (6144K)
 Metaspace       used 126504K, capacity 132410K, committed 132692K, reserved 632832K
  class space    used 15854K, capacity 17929K, committed 17996K, reserved 516096K
}
Event: 7656.366 GC heap before
{Heap before GC invocations=276 (full 0):
 garbage-first heap   total 274432K, used 195519K [0x0000000080000000, 0x0000000100000000)
  region size 1024K, 13 young (13312K), 6 survivors (6144K)
 Metaspace       used 126510K, capacity 132410K, committed 132692K, reserved 632832K
  class space    used 15854K, capacity 17929K, committed 17996K, reserved 516096K
}
Event: 7656.393 GC heap after
{Heap after GC invocations=277 (full 0):
 garbage-first heap   total 274432K, used 172422K [0x0000000080000000, 0x0000000100000000)
  region size 1024K, 2 young (2048K), 2 survivors (2048K)
 Metaspace       used 126510K, capacity 132410K, committed 132692K, reserved 632832K
  class space    used 15854K, capacity 17929K, committed 17996K, reserved 516096K
}
Event: 7656.472 GC heap before
{Heap before GC invocations=277 (full 0):
 garbage-first heap   total 274432K, used 183686K [0x0000000080000000, 0x0000000100000000)
  region size 1024K, 13 young (13312K), 2 survivors (2048K)
 Metaspace       used 126527K, capacity 132413K, committed 132692K, reserved 632832K
  class space    used 15854K, capacity 17929K, committed 17996K, reserved 516096K
}
Event: 7656.481 GC heap after
{Heap after GC invocations=278 (full 0):
 garbage-first heap   total 274432K, used 172090K [0x0000000080000000, 0x0000000100000000)
  region size 1024K, 2 young (2048K), 2 survivors (2048K)
 Metaspace       used 126527K, capacity 132413K, committed 132692K, reserved 632832K
  class space    used 15854K, capacity 17929K, committed 17996K, reserved 516096K
}
Event: 7660.020 GC heap before
{Heap before GC invocations=278 (full 0):
 garbage-first heap   total 274432K, used 215098K [0x0000000080000000, 0x0000000100000000)
  region size 1024K, 45 young (46080K), 2 survivors (2048K)
 Metaspace       used 126545K, capacity 132417K, committed 132692K, reserved 632832K
  class space    used 15854K, capacity 17929K, committed 17996K, reserved 516096K
}
Event: 7660.039 GC heap after
{Heap after GC invocations=279 (full 0):
 garbage-first heap   total 274432K, used 179317K [0x0000000080000000, 0x0000000100000000)
  region size 1024K, 6 young (6144K), 6 survivors (6144K)
 Metaspace       used 126545K, capacity 132417K, committed 132692K, reserved 632832K
  class space    used 15854K, capacity 17929K, committed 17996K, reserved 516096K
}
Event: 7660.216 GC heap before
{Heap before GC invocations=280 (full 0):
 garbage-first heap   total 274432K, used 219253K [0x0000000080000000, 0x0000000100000000)
  region size 1024K, 47 young (48128K), 6 survivors (6144K)
 Metaspace       used 126610K, capacity 132545K, committed 132692K, reserved 632832K
  class space    used 15854K, capacity 17929K, committed 17996K, reserved 516096K
}
Event: 7660.225 GC heap after
{Heap after GC invocations=281 (full 0):
 garbage-first heap   total 274432K, used 185092K [0x0000000080000000, 0x0000000100000000)
  region size 1024K, 6 young (6144K), 6 survivors (6144K)
 Metaspace       used 126610K, capacity 132545K, committed 132692K, reserved 632832K
  class space    used 15854K, capacity 17929K, committed 17996K, reserved 516096K
}
Event: 7660.295 GC heap before
{Heap before GC invocations=281 (full 0):
 garbage-first heap   total 274432K, used 192260K [0x0000000080000000, 0x0000000100000000)
  region size 1024K, 13 young (13312K), 6 survivors (6144K)
 Metaspace       used 126612K, capacity 132545K, committed 132692K, reserved 632832K
  class space    used 15854K, capacity 17929K, committed 17996K, reserved 516096K
}
Event: 7660.305 GC heap after
{Heap after GC invocations=282 (full 0):
 garbage-first heap   total 274432K, used 164610K [0x0000000080000000, 0x0000000100000000)
  region size 1024K, 2 young (2048K), 2 survivors (2048K)
 Metaspace       used 126612K, capacity 132545K, committed 132692K, reserved 632832K
  class space    used 15854K, capacity 17929K, committed 17996K, reserved 516096K
}
Event: 7660.368 GC heap before
{Heap before GC invocations=282 (full 0):
 garbage-first heap   total 274432K, used 175874K [0x0000000080000000, 0x0000000100000000)
  region size 1024K, 13 young (13312K), 2 survivors (2048K)
 Metaspace       used 126618K, capacity 132546K, committed 132692K, reserved 632832K
  class space    used 15854K, capacity 17929K, committed 17996K, reserved 516096K
}
Event: 7660.385 GC heap after
{Heap after GC invocations=283 (full 0):
 garbage-first heap   total 274432K, used 166273K [0x0000000080000000, 0x0000000100000000)
  region size 1024K, 2 young (2048K), 2 survivors (2048K)
 Metaspace       used 126618K, capacity 132546K, committed 132692K, reserved 632832K
  class space    used 15854K, capacity 17929K, committed 17996K, reserved 516096K
}
Event: 7660.549 GC heap before
{Heap before GC invocations=283 (full 0):
 garbage-first heap   total 274432K, used 212353K [0x0000000080000000, 0x0000000100000000)
  region size 1024K, 47 young (48128K), 2 survivors (2048K)
 Metaspace       used 126629K, capacity 132548K, committed 132692K, reserved 632832K
  class space    used 15854K, capacity 17929K, committed 17996K, reserved 516096K
}
Event: 7660.562 GC heap after
{Heap after GC invocations=284 (full 0):
 garbage-first heap   total 274432K, used 172797K [0x0000000080000000, 0x0000000100000000)
  region size 1024K, 6 young (6144K), 6 survivors (6144K)
 Metaspace       used 126629K, capacity 132548K, committed 132692K, reserved 632832K
  class space    used 15854K, capacity 17929K, committed 17996K, reserved 516096K
}
Event: 7773.035 GC heap before
{Heap before GC invocations=285 (full 0):
 garbage-first heap   total 274432K, used 217853K [0x0000000080000000, 0x0000000100000000)
  region size 1024K, 50 young (51200K), 6 survivors (6144K)
 Metaspace       used 126682K, capacity 132596K, committed 132692K, reserved 632832K
  class space    used 15858K, capacity 17963K, committed 17996K, reserved 516096K
}
Event: 7773.242 GC heap after
{Heap after GC invocations=286 (full 0):
 garbage-first heap   total 274432K, used 174326K [0x0000000080000000, 0x0000000100000000)
  region size 1024K, 2 young (2048K), 2 survivors (2048K)
 Metaspace       used 126682K, capacity 132596K, committed 132692K, reserved 632832K
  class space    used 15858K, capacity 17963K, committed 17996K, reserved 516096K
}
Event: 7783.421 GC heap before
{Heap before GC invocations=286 (full 0):
 garbage-first heap   total 274432K, used 184566K [0x0000000080000000, 0x0000000100000000)
  region size 1024K, 13 young (13312K), 2 survivors (2048K)
 Metaspace       used 126698K, capacity 132601K, committed 132692K, reserved 632832K
  class space    used 15858K, capacity 17963K, committed 17996K, reserved 516096K
}
Event: 7783.648 GC heap after
{Heap after GC invocations=287 (full 0):
 garbage-first heap   total 274432K, used 172512K [0x0000000080000000, 0x0000000100000000)
  region size 1024K, 1 young (1024K), 1 survivors (1024K)
 Metaspace       used 126698K, capacity 132601K, committed 132692K, reserved 632832K
  class space    used 15858K, capacity 17963K, committed 17996K, reserved 516096K
}

