# JRE version: OpenJDK Runtime Environment Microsoft-7208460 (11.0.18+10) (build 11.0.18+10-LTS)
# Java VM: OpenJDK 64-Bit Server VM Microsoft-7208460 (11.0.18+10-LTS, mixed mode, tiered, compressed oops, g1 gc, windows-amd64)
Heap:
 garbage-first heap   total 120832K, used 89349K [0x0000000080000000, 0x0000000100000000)
  region size 1024K, 20 young (20480K), 4 survivors (4096K)
 Metaspace       used 79593K, capacity 82004K, committed 82184K, reserved 587776K
  class space    used 10234K, capacity 11212K, committed 11264K, reserved 516096K
GC Heap History (20 events):
Event: 44.799 GC heap before
{Heap before GC invocations=13 (full 0):
 garbage-first heap   total 120832K, used 55161K [0x0000000080000000, 0x0000000100000000)
  region size 1024K, 14 young (14336K), 3 survivors (3072K)
 Metaspace       used 58404K, capacity 60162K, committed 60296K, reserved 569344K
  class space    used 7554K, capacity 8264K, committed 8320K, reserved 516096K
}
Event: 44.806 GC heap after
{Heap after GC invocations=14 (full 0):
 garbage-first heap   total 120832K, used 45319K [0x0000000080000000, 0x0000000100000000)
  region size 1024K, 3 young (3072K), 3 survivors (3072K)
 Metaspace       used 58404K, capacity 60162K, committed 60296K, reserved 569344K
  class space    used 7554K, capacity 8264K, committed 8320K, reserved 516096K
}
Event: 45.550 GC heap before
{Heap before GC invocations=15 (full 0):
 garbage-first heap   total 120832K, used 90375K [0x0000000080000000, 0x0000000100000000)
  region size 1024K, 47 young (48128K), 3 survivors (3072K)
 Metaspace       used 62057K, capacity 63863K, committed 64136K, reserved 573440K
  class space    used 8064K, capacity 8814K, committed 8832K, reserved 516096K
}
Event: 45.555 GC heap after
{Heap after GC invocations=16 (full 0):
 garbage-first heap   total 120832K, used 46591K [0x0000000080000000, 0x0000000100000000)
  region size 1024K, 5 young (5120K), 5 survivors (5120K)
 Metaspace       used 62057K, capacity 63863K, committed 64136K, reserved 573440K
  class space    used 8064K, capacity 8814K, committed 8832K, reserved 516096K
}
Event: 50.299 GC heap before
{Heap before GC invocations=16 (full 0):
 garbage-first heap   total 120832K, used 90623K [0x0000000080000000, 0x0000000100000000)
  region size 1024K, 49 young (50176K), 5 survivors (5120K)
 Metaspace       used 64799K, capacity 66665K, committed 66824K, reserved 575488K
  class space    used 8368K, capacity 9121K, committed 9216K, reserved 516096K
}
Event: 50.338 GC heap after
{Heap after GC invocations=17 (full 0):
 garbage-first heap   total 120832K, used 48830K [0x0000000080000000, 0x0000000100000000)
  region size 1024K, 5 young (5120K), 5 survivors (5120K)
 Metaspace       used 64799K, capacity 66665K, committed 66824K, reserved 575488K
  class space    used 8368K, capacity 9121K, committed 9216K, reserved 516096K
}
Event: 51.477 GC heap before
{Heap before GC invocations=17 (full 0):
 garbage-first heap   total 120832K, used 93886K [0x0000000080000000, 0x0000000100000000)
  region size 1024K, 49 young (50176K), 5 survivors (5120K)
 Metaspace       used 67730K, capacity 69751K, committed 69896K, reserved 577536K
  class space    used 8810K, capacity 9655K, committed 9728K, reserved 516096K
}
Event: 51.490 GC heap after
{Heap after GC invocations=18 (full 0):
 garbage-first heap   total 120832K, used 51177K [0x0000000080000000, 0x0000000100000000)
  region size 1024K, 6 young (6144K), 6 survivors (6144K)
 Metaspace       used 67730K, capacity 69751K, committed 69896K, reserved 577536K
  class space    used 8810K, capacity 9655K, committed 9728K, reserved 516096K
}
Event: 53.028 GC heap before
{Heap before GC invocations=18 (full 0):
 garbage-first heap   total 120832K, used 95209K [0x0000000080000000, 0x0000000100000000)
  region size 1024K, 50 young (51200K), 6 survivors (6144K)
 Metaspace       used 70236K, capacity 72485K, committed 72584K, reserved 579584K
  class space    used 9155K, capacity 10062K, committed 10112K, reserved 516096K
}
Event: 53.059 GC heap after
{Heap after GC invocations=19 (full 0):
 garbage-first heap   total 120832K, used 55212K [0x0000000080000000, 0x0000000100000000)
  region size 1024K, 7 young (7168K), 7 survivors (7168K)
 Metaspace       used 70236K, capacity 72485K, committed 72584K, reserved 579584K
  class space    used 9155K, capacity 10062K, committed 10112K, reserved 516096K
}
Event: 54.264 GC heap before
{Heap before GC invocations=19 (full 0):
 garbage-first heap   total 120832K, used 96172K [0x0000000080000000, 0x0000000100000000)
  region size 1024K, 48 young (49152K), 7 survivors (7168K)
 Metaspace       used 72962K, capacity 75204K, committed 75272K, reserved 581632K
  class space    used 9493K, capacity 10429K, committed 10496K, reserved 516096K
}
Event: 54.278 GC heap after
{Heap after GC invocations=20 (full 0):
 garbage-first heap   total 120832K, used 58101K [0x0000000080000000, 0x0000000100000000)
  region size 1024K, 4 young (4096K), 4 survivors (4096K)
 Metaspace       used 72962K, capacity 75204K, committed 75272K, reserved 581632K
  class space    used 9493K, capacity 10429K, committed 10496K, reserved 516096K
}
Event: 63.571 GC heap before
{Heap before GC invocations=20 (full 0):
 garbage-first heap   total 120832K, used 75509K [0x0000000080000000, 0x0000000100000000)
  region size 1024K, 23 young (23552K), 4 survivors (4096K)
 Metaspace       used 73095K, capacity 75360K, committed 75528K, reserved 581632K
  class space    used 9495K, capacity 10432K, committed 10496K, reserved 516096K
}
Event: 63.609 GC heap after
{Heap after GC invocations=21 (full 0):
 garbage-first heap   total 120832K, used 58630K [0x0000000080000000, 0x0000000100000000)
  region size 1024K, 2 young (2048K), 2 survivors (2048K)
 Metaspace       used 73095K, capacity 75360K, committed 75528K, reserved 581632K
  class space    used 9495K, capacity 10432K, committed 10496K, reserved 516096K
}
Event: 63.993 GC heap before
{Heap before GC invocations=22 (full 0):
 garbage-first heap   total 120832K, used 59654K [0x0000000080000000, 0x0000000100000000)
  region size 1024K, 4 young (4096K), 2 survivors (2048K)
 Metaspace       used 73167K, capacity 75463K, committed 75528K, reserved 581632K
  class space    used 9502K, capacity 10469K, committed 10496K, reserved 516096K
}
Event: 63.997 GC heap after
{Heap after GC invocations=23 (full 0):
 garbage-first heap   total 120832K, used 60626K [0x0000000080000000, 0x0000000100000000)
  region size 1024K, 3 young (3072K), 3 survivors (3072K)
 Metaspace       used 73167K, capacity 75463K, committed 75528K, reserved 581632K
  class space    used 9502K, capacity 10469K, committed 10496K, reserved 516096K
}
Event: 65.888 GC heap before
{Heap before GC invocations=24 (full 0):
 garbage-first heap   total 120832K, used 83154K [0x0000000080000000, 0x0000000100000000)
  region size 1024K, 25 young (25600K), 3 survivors (3072K)
 Metaspace       used 75750K, capacity 78116K, committed 78344K, reserved 585728K
  class space    used 9809K, capacity 10750K, committed 10752K, reserved 516096K
}
Event: 65.893 GC heap after
{Heap after GC invocations=25 (full 0):
 garbage-first heap   total 120832K, used 63656K [0x0000000080000000, 0x0000000100000000)
  region size 1024K, 4 young (4096K), 4 survivors (4096K)
 Metaspace       used 75750K, capacity 78116K, committed 78344K, reserved 585728K
  class space    used 9809K, capacity 10750K, committed 10752K, reserved 516096K
}
Event: 67.117 GC heap before
{Heap before GC invocations=25 (full 0):
 garbage-first heap   total 120832K, used 85160K [0x0000000080000000, 0x0000000100000000)
  region size 1024K, 27 young (27648K), 4 survivors (4096K)
 Metaspace       used 79426K, capacity 81883K, committed 82184K, reserved 587776K
  class space    used 10206K, capacity 11176K, committed 11264K, reserved 516096K
}
Event: 67.239 GC heap after
{Heap after GC invocations=26 (full 0):
 garbage-first heap   total 120832K, used 66821K [0x0000000080000000, 0x0000000100000000)
  region size 1024K, 4 young (4096K), 4 survivors (4096K)
 Metaspace       used 79426K, capacity 81883K, committed 82184K, reserved 587776K
  class space    used 10206K, capacity 11176K, committed 11264K, reserved 516096K
}

